<?xml version="1.0" encoding="UTF-8"?>
<!-- Generated by org.testng.reporters.JUnitReportReporter -->
<testsuite hostname="LAPTOP-CFTSQDRE" name="Runners._04_TestRunnerSmoke" tests="2" failures="0" timestamp="29 Aug 2022 18:26:58 GMT" time="21.843" errors="0">
  <testcase name="runScenario" time="11.497" classname="Runners._04_TestRunnerSmoke"/>
  <testcase name="runScenario" time="10.346" classname="Runners._04_TestRunnerSmoke"/>
</testsuite> <!-- Runners._04_TestRunnerSmoke -->
